<?xml version="1.0" encoding="UTF-8"?>
<testng-results ignored="0" total="2" passed="2" failed="0" skipped="0">
  <reporter-output>
  </reporter-output>
  <suite started-at="2020-12-17T16:50:46 IST" name="TestNG Maven Test Suite" finished-at="2020-12-17T16:50:46 IST" duration-ms="34">
    <groups>
    </groups>
    <test started-at="2020-12-17T16:50:46 IST" name="Smoke Test" finished-at="2020-12-17T16:50:46 IST" duration-ms="34">
      <class name="com.testmv.TestA">
        <test-method signature="MA()[pri:0, instance:com.testmv.TestA@2e385cce]" started-at="2020-12-17T16:50:46 IST" name="MA" finished-at="2020-12-17T16:50:46 IST" duration-ms="5" status="PASS">
          <reporter-output>
          </reporter-output>
        </test-method> <!-- MA -->
      </class> <!-- com.testmv.TestA -->
      <class name="com.testmv.TestB">
        <test-method signature="MB()[pri:0, instance:com.testmv.TestB@2ddc9a9f]" started-at="2020-12-17T16:50:46 IST" name="MB" finished-at="2020-12-17T16:50:46 IST" duration-ms="1" status="PASS">
          <reporter-output>
          </reporter-output>
        </test-method> <!-- MB -->
      </class> <!-- com.testmv.TestB -->
    </test> <!-- Smoke Test -->
  </suite> <!-- TestNG Maven Test Suite -->
</testng-results>
